\BOOKMARK [0][-]{titre.0}{Page de titre}{}% 1
\BOOKMARK [0][-]{chapter*.1}{Resume}{}% 2
\BOOKMARK [0][-]{chapter*.2}{Abstract}{}% 3
\BOOKMARK [0][-]{chapter*.3}{Remerciements}{}% 4
\BOOKMARK [0][-]{tdm.0}{Table des ...}{}% 5
\BOOKMARK [0][-]{chapter*.5}{List of Figures}{}% 6
\BOOKMARK [0][-]{chapter*.6}{List of Tables}{}% 7
\BOOKMARK [0][-]{chapter*.7}{Introduction}{}% 8
\BOOKMARK [0][-]{chapter.1}{Theory}{}% 9
\BOOKMARK [0][-]{chapter.2}{The ATLAS experiment}{}% 10
\BOOKMARK [1][-]{section.2.1}{CERN and the LHC}{chapter.2}% 11
\BOOKMARK [2][-]{subsection.2.1.1}{The European Organisation for Nuclear Research CERN}{section.2.1}% 12
\BOOKMARK [2][-]{subsection.2.1.2}{The LHC Machine}{section.2.1}% 13
\BOOKMARK [1][-]{section.2.2}{The ATLAS Detector}{chapter.2}% 14
\BOOKMARK [2][-]{subsection.2.2.1}{The Inner detector}{section.2.2}% 15
\BOOKMARK [2][-]{subsection.2.2.2}{The calorimeters}{section.2.2}% 16
\BOOKMARK [2][-]{subsection.2.2.3}{The muon spectrometer}{section.2.2}% 17
\BOOKMARK [1][-]{section.2.3}{The ATLAS trigger system}{chapter.2}% 18
\BOOKMARK [0][-]{chapter*.17}{Conclusion}{}% 19
\BOOKMARK [0][-]{chapter*.18}{Bibliography}{}% 20
